2025-06-03 10:50:16,052 - INFO - MarketDataClient initialized with config: {'provider': 'yfinance', 'api_key': None}
2025-06-03 10:50:16,052 - INFO - BrokerClient (Tiger Brokers) initialized and connected for account 21224715277160792.
2025-06-03 10:50:16,052 - INFO - Starting continuous monitoring loop...
2025-06-03 10:50:16,068 - INFO - Market NYSE is currently closed. Current time: 04:50:16.067943, Open: 09:30:00, Close: 16:00:00
2025-06-03 10:50:16,068 - INFO - Market HKEX is currently closed. Current time: 16:50:16.068676, Open: 09:30:00, Close: 16:00:00
2025-06-03 10:50:16,069 - INFO - 
Monitoring DE market (Xetra)...
2025-06-03 10:50:16,069 - INFO - Checking ADS.DE in XETRA...
2025-06-03 10:50:18,108 - INFO - Checking BMW.DE in XETRA...
2025-06-03 10:50:21,055 - INFO - 🌐 Starting web server on port 5000...
2025-06-03 10:50:21,056 - INFO - 📊 Access the dashboard at: http://0.0.0.0:5000
2025-06-03 10:50:33,537 - INFO - MarketDataClient initialized with config: {'provider': 'yfinance', 'api_key': None}
2025-06-03 10:50:33,537 - INFO - BrokerClient (Tiger Brokers) initialized and connected for account 21224715277160792.
2025-06-03 10:50:33,537 - INFO - Starting continuous monitoring loop...
2025-06-03 10:50:33,549 - INFO - Market NYSE is currently closed. Current time: 04:50:33.549830, Open: 09:30:00, Close: 16:00:00
2025-06-03 10:50:33,550 - INFO - Market HKEX is currently closed. Current time: 16:50:33.550297, Open: 09:30:00, Close: 16:00:00
2025-06-03 10:50:33,550 - INFO - 
Monitoring DE market (Xetra)...
2025-06-03 10:50:33,550 - INFO - Checking ADS.DE in XETRA...
2025-06-03 10:50:35,204 - INFO - Checking BMW.DE in XETRA...
2025-06-03 10:50:38,539 - INFO - 🌐 Starting web server on port 5000...
2025-06-03 10:50:38,539 - INFO - 📊 Access the dashboard at: http://0.0.0.0:5000
2025-06-03 10:50:38,552 - INFO - [31m[1mWARNING: This is a development server. Do not use it in a production deployment. Use a production WSGI server instead.[0m
 * Running on all addresses (0.0.0.0)
 * Running on http://127.0.0.1:6000
 * Running on http://192.168.1.99:6000
2025-06-03 10:50:38,552 - INFO - [33mPress CTRL+C to quit[0m
